<?xml version="1.0" encoding="UTF-8"?>
<!-- Generated by org.testng.reporters.JUnitXMLReporter -->
<testsuite hostname="Madhurs-MacBook-Air.local" ignored="1" name="Android(failed)" tests="1" failures="0" timestamp="11 Jul 2020 13:24:45 GMT" time="39.906" errors="0">
  <testcase name="incorrectLoginTest" time="9.187" classname="com.appium.tests.LoginTest"/>
  <testcase name="correctLoginTest" time="0.0" classname="com.appium.tests.LoginTest">
    <ignored/>
  </testcase> <!-- correctLoginTest -->
</testsuite> <!-- Android(failed) -->
